2020-08-26 22:10:07,948: INFO - Loaded default TestExecutionListener class names from location [META-INF/spring.factories]: [org.springframework.test.context.web.ServletTestExecutionListener, org.springframework.test.context.support.DirtiesContextBeforeModesTestExecutionListener, org.springframework.test.context.support.DependencyInjectionTestExecutionListener, org.springframework.test.context.support.DirtiesContextTestExecutionListener, org.springframework.test.context.transaction.TransactionalTestExecutionListener, org.springframework.test.context.jdbc.SqlScriptsTestExecutionListener]
2020-08-26 22:10:08,042: INFO - Using TestExecutionListeners: [org.springframework.test.context.web.ServletTestExecutionListener@2fd6b6c7, org.springframework.test.context.support.DirtiesContextBeforeModesTestExecutionListener@5bfa9431, org.springframework.test.context.support.DependencyInjectionTestExecutionListener@5db250b4, org.springframework.test.context.support.DirtiesContextTestExecutionListener@223f3642, org.springframework.test.context.transaction.TransactionalTestExecutionListener@38c5cc4c, org.springframework.test.context.jdbc.SqlScriptsTestExecutionListener@37918c79]
2020-08-26 22:10:08,758: INFO - Refreshing org.springframework.web.context.support.GenericWebApplicationContext@48ae9b55: startup date [Wed Aug 26 22:10:08 EDT 2020]; root of context hierarchy
2020-08-26 22:10:10,804: INFO - Overriding bean definition for bean 'dataSource' with a different definition: replacing [Root bean: class [null]; scope=; abstract=false; lazyInit=false; autowireMode=3; dependencyCheck=0; autowireCandidate=true; primary=false; factoryBeanName=ORMConfig; factoryMethodName=dataSource; initMethodName=null; destroyMethodName=(inferred); defined in class path resource [com/apartmentsonline/models/ORMConfig.class]] with [Root bean: class [null]; scope=; abstract=false; lazyInit=false; autowireMode=3; dependencyCheck=0; autowireCandidate=true; primary=false; factoryBeanName=testConfig; factoryMethodName=dataSource; initMethodName=null; destroyMethodName=(inferred); defined in com.apartmentsOnline.tests.DAO.TestConfig]
2020-08-26 22:10:10,807: INFO - Overriding bean definition for bean 'sessionFactoryBean' with a different definition: replacing [Root bean: class [null]; scope=; abstract=false; lazyInit=false; autowireMode=3; dependencyCheck=0; autowireCandidate=true; primary=false; factoryBeanName=ORMConfig; factoryMethodName=sessionFactoryBean; initMethodName=null; destroyMethodName=(inferred); defined in class path resource [com/apartmentsonline/models/ORMConfig.class]] with [Root bean: class [null]; scope=; abstract=false; lazyInit=false; autowireMode=3; dependencyCheck=0; autowireCandidate=true; primary=false; factoryBeanName=testConfig; factoryMethodName=sessionFactoryBean; initMethodName=null; destroyMethodName=(inferred); defined in com.apartmentsOnline.tests.DAO.TestConfig]
2020-08-26 22:10:10,809: INFO - Overriding bean definition for bean 'hibernateTransactionManager' with a different definition: replacing [Root bean: class [null]; scope=; abstract=false; lazyInit=false; autowireMode=3; dependencyCheck=0; autowireCandidate=true; primary=false; factoryBeanName=ORMConfig; factoryMethodName=hibernateTransactionManager; initMethodName=null; destroyMethodName=(inferred); defined in class path resource [com/apartmentsonline/models/ORMConfig.class]] with [Root bean: class [null]; scope=; abstract=false; lazyInit=false; autowireMode=3; dependencyCheck=0; autowireCandidate=true; primary=false; factoryBeanName=testConfig; factoryMethodName=hibernateTransactionManager; initMethodName=null; destroyMethodName=(inferred); defined in com.apartmentsOnline.tests.DAO.TestConfig]
2020-08-26 22:10:13,170: INFO - HCANN000001: Hibernate Commons Annotations {4.0.5.Final}
2020-08-26 22:10:13,193: INFO - HHH000412: Hibernate Core {4.3.11.Final}
2020-08-26 22:10:13,217: INFO - HHH000206: hibernate.properties not found
2020-08-26 22:10:13,222: INFO - HHH000021: Bytecode provider name : javassist
2020-08-26 22:10:18,175: INFO - HHH000400: Using dialect: org.hibernate.dialect.PostgreSQL9Dialect
2020-08-26 22:10:18,200: INFO - HHH000424: Disabling contextual LOB creation as createClob() method threw error : java.lang.reflect.InvocationTargetException
2020-08-26 22:10:18,590: INFO - HHH000399: Using default transaction strategy (direct JDBC transactions)
2020-08-26 22:10:18,603: INFO - HHH000397: Using ASTQueryTranslatorFactory
2020-08-26 22:10:22,315: INFO - Mapped "{[/apartment],methods=[POST],consumes=[application/json]}" onto public org.springframework.http.ResponseEntity<com.apartmentsonline.models.Apartment> com.apartmentsonline.Controllers.ApartmentController.saveApartment(com.apartmentsonline.models.Apartment)
2020-08-26 22:10:22,322: INFO - Mapped "{[/apartment/{apartmentId}],methods=[GET],produces=[application/json]}" onto public org.springframework.http.ResponseEntity<com.apartmentsonline.models.Apartment> com.apartmentsonline.Controllers.ApartmentController.getById(java.lang.String)
2020-08-26 22:10:22,323: INFO - Mapped "{[/apartment/],methods=[GET],produces=[application/json]}" onto public org.springframework.http.ResponseEntity<java.util.List<com.apartmentsonline.models.Apartment>> com.apartmentsonline.Controllers.ApartmentController.getAllApartments()
2020-08-26 22:10:22,335: INFO - Mapped "{[/user/{userId}],methods=[GET],produces=[application/json]}" onto public org.springframework.http.ResponseEntity<com.apartmentsonline.models.User> com.apartmentsonline.Controllers.UserController.getUserById(java.lang.String)
2020-08-26 22:10:22,336: INFO - Mapped "{[/user/register],methods=[POST],consumes=[application/json]}" onto public org.springframework.http.ResponseEntity<com.apartmentsonline.models.User> com.apartmentsonline.Controllers.UserController.saveNewUser(com.apartmentsonline.models.User)
2020-08-26 22:10:22,338: INFO - Mapped "{[/user/login],methods=[POST],consumes=[application/json]}" onto public org.springframework.http.ResponseEntity<com.apartmentsonline.models.User> com.apartmentsonline.Controllers.UserController.userLogin(com.apartmentsonline.models.User)
2020-08-26 22:10:22,339: INFO - Mapped "{[/user/updateUser],methods=[PUT],consumes=[application/json]}" onto public org.springframework.http.ResponseEntity<com.apartmentsonline.models.User> com.apartmentsonline.Controllers.UserController.updateUser(com.apartmentsonline.models.User)
2020-08-26 22:10:22,362: INFO - Mapped "{[/swagger-resources]}" onto public org.springframework.http.ResponseEntity<java.util.List<springfox.documentation.swagger.web.SwaggerResource>> springfox.documentation.swagger.web.ApiResourceController.swaggerResources()
2020-08-26 22:10:22,365: INFO - Mapped "{[/swagger-resources/configuration/ui]}" onto public org.springframework.http.ResponseEntity<springfox.documentation.swagger.web.UiConfiguration> springfox.documentation.swagger.web.ApiResourceController.uiConfiguration()
2020-08-26 22:10:22,368: INFO - Mapped "{[/swagger-resources/configuration/security]}" onto public org.springframework.http.ResponseEntity<springfox.documentation.swagger.web.SecurityConfiguration> springfox.documentation.swagger.web.ApiResourceController.securityConfiguration()
2020-08-26 22:10:22,863: INFO - Using DataSource [org.apache.commons.dbcp.BasicDataSource@d2387c8] of Hibernate SessionFactory for HibernateTransactionManager
2020-08-26 22:10:23,467: INFO - Mapped URL path [/v2/api-docs] onto method [public org.springframework.http.ResponseEntity<springfox.documentation.spring.web.json.Json> springfox.documentation.swagger2.web.Swagger2Controller.getDocumentation(java.lang.String,javax.servlet.http.HttpServletRequest)]
2020-08-26 22:10:23,569: INFO - Mapped URL path [/swagger-ui.html] onto handler of type [class org.springframework.web.servlet.resource.ResourceHttpRequestHandler]
2020-08-26 22:10:23,569: INFO - Mapped URL path [/webjars/**] onto handler of type [class org.springframework.web.servlet.resource.ResourceHttpRequestHandler]
2020-08-26 22:10:23,773: INFO - Looking for @ControllerAdvice: org.springframework.web.context.support.GenericWebApplicationContext@48ae9b55: startup date [Wed Aug 26 22:10:08 EDT 2020]; root of context hierarchy
2020-08-26 22:10:24,475: INFO - Starting beans in phase 2147483647
2020-08-26 22:10:26,162: INFO - Initializing Spring FrameworkServlet ''
2020-08-26 22:10:26,162: INFO - FrameworkServlet '': initialization started
2020-08-26 22:10:26,253: INFO - FrameworkServlet '': initialization completed in 91 ms
2020-08-26 22:11:31,272: INFO - We in this Bitch
2020-08-26 22:11:31,820: INFO - Closing org.springframework.web.context.support.GenericWebApplicationContext@48ae9b55: startup date [Wed Aug 26 22:10:08 EDT 2020]; root of context hierarchy
2020-08-26 22:11:31,821: INFO - Stopping beans in phase 2147483647
